<?xml version="1.0" encoding="UTF-8"?>
<testsuite xmlns:xsi="http://www.w3.org/2001/XMLSchema-instance" xsi:noNamespaceSchemaLocation="https://maven.apache.org/surefire/maven-surefire-plugin/xsd/surefire-test-report.xsd" name="com.example.ExampleTest" time="0.008" tests="1" errors="0" skipped="0" failures="0">
  <properties>
    <property name="java.specification.version" value="14"/>
    <property name="sun.cpu.isalist" value="amd64"/>
    <property name="sun.jnu.encoding" value="Cp1252"/>
    <property name="java.class.path" value="D:\Example\function-source\target\test-classes;D:\Example\function-source\target\classes;C:\Users\91892\.m2\repository\com\google\cloud\functions\functions-framework-api\1.0.1\functions-framework-api-1.0.1.jar;C:\Users\91892\.m2\repository\com\google\apis\google-api-services-dataflow\v1b3-rev298-1.18.0-rc\google-api-services-dataflow-v1b3-rev298-1.18.0-rc.jar;C:\Users\91892\.m2\repository\org\apache\beam\beam-runners-google-cloud-dataflow-java\2.23.0\beam-runners-google-cloud-dataflow-java-2.23.0.jar;C:\Users\91892\.m2\repository\org\apache\beam\beam-vendor-guava-26_0-jre\0.1\beam-vendor-guava-26_0-jre-0.1.jar;C:\Users\91892\.m2\repository\org\apache\beam\beam-model-pipeline\2.23.0\beam-model-pipeline-2.23.0.jar;C:\Users\91892\.m2\repository\com\google\errorprone\error_prone_annotations\2.3.3\error_prone_annotations-2.3.3.jar;C:\Users\91892\.m2\repository\commons-logging\commons-logging\1.2\commons-logging-1.2.jar;C:\Users\91892\.m2\repository\org\apache\logging\log4j\log4j-api\2.13.3\log4j-api-2.13.3.jar;C:\Users\91892\.m2\repository\org\conscrypt\conscrypt-openjdk-uber\1.3.0\conscrypt-openjdk-uber-1.3.0.jar;C:\Users\91892\.m2\repository\org\apache\beam\beam-sdks-java-extensions-google-cloud-platform-core\2.23.0\beam-sdks-java-extensions-google-cloud-platform-core-2.23.0.jar;C:\Users\91892\.m2\repository\com\google\cloud\bigdataoss\gcsio\2.1.3\gcsio-2.1.3.jar;C:\Users\91892\.m2\repository\io\grpc\grpc-protobuf\1.29.0\grpc-protobuf-1.29.0.jar;C:\Users\91892\.m2\repository\io\grpc\grpc-protobuf-lite\1.29.0\grpc-protobuf-lite-1.29.0.jar;C:\Users\91892\.m2\repository\com\google\api\grpc\proto-google-iam-v1\0.13.0\proto-google-iam-v1-0.13.0.jar;C:\Users\91892\.m2\repository\com\google\protobuf\protobuf-java-util\3.11.4\protobuf-java-util-3.11.4.jar;C:\Users\91892\.m2\repository\com\google\code\gson\gson\2.8.6\gson-2.8.6.jar;C:\Users\91892\.m2\repository\com\google\apis\google-api-services-cloudresourcemanager\v1-rev20200311-1.30.9\google-api-services-cloudresourcemanager-v1-rev20200311-1.30.9.jar;C:\Users\91892\.m2\repository\org\apache\beam\beam-sdks-java-io-google-cloud-platform\2.23.0\beam-sdks-java-io-google-cloud-platform-2.23.0.jar;C:\Users\91892\.m2\repository\org\apache\beam\beam-sdks-java-expansion-service\2.23.0\beam-sdks-java-expansion-service-2.23.0.jar;C:\Users\91892\.m2\repository\org\apache\beam\beam-model-fn-execution\2.23.0\beam-model-fn-execution-2.23.0.jar;C:\Users\91892\.m2\repository\org\apache\beam\beam-runners-java-fn-execution\2.23.0\beam-runners-java-fn-execution-2.23.0.jar;C:\Users\91892\.m2\repository\org\apache\beam\beam-sdks-java-fn-execution\2.23.0\beam-sdks-java-fn-execution-2.23.0.jar;C:\Users\91892\.m2\repository\org\apache\beam\beam-vendor-sdks-java-extensions-protobuf\2.23.0\beam-vendor-sdks-java-extensions-protobuf-2.23.0.jar;C:\Users\91892\.m2\repository\args4j\args4j\2.33\args4j-2.33.jar;C:\Users\91892\.m2\repository\org\apache\beam\beam-sdks-java-extensions-protobuf\2.23.0\beam-sdks-java-extensions-protobuf-2.23.0.jar;C:\Users\91892\.m2\repository\com\google\api\gax\1.54.0\gax-1.54.0.jar;C:\Users\91892\.m2\repository\org\threeten\threetenbp\1.4.0\threetenbp-1.4.0.jar;C:\Users\91892\.m2\repository\com\google\api\api-common\1.8.1\api-common-1.8.1.jar;C:\Users\91892\.m2\repository\com\google\api\gax-grpc\1.54.0\gax-grpc-1.54.0.jar;C:\Users\91892\.m2\repository\com\google\apis\google-api-services-bigquery\v2-rev20191211-1.30.9\google-api-services-bigquery-v2-rev20191211-1.30.9.jar;C:\Users\91892\.m2\repository\com\google\apis\google-api-services-healthcare\v1beta1-rev20200525-1.30.9\google-api-services-healthcare-v1beta1-rev20200525-1.30.9.jar;C:\Users\91892\.m2\repository\com\google\apis\google-api-services-pubsub\v1-rev20200312-1.30.9\google-api-services-pubsub-v1-rev20200312-1.30.9.jar;C:\Users\91892\.m2\repository\com\google\cloud\google-cloud-bigquerystorage\0.125.0-beta\google-cloud-bigquerystorage-0.125.0-beta.jar;C:\Users\91892\.m2\repository\com\google\api\grpc\proto-google-cloud-bigquerystorage-v1alpha2\0.90.0\proto-google-cloud-bigquerystorage-v1alpha2-0.90.0.jar;C:\Users\91892\.m2\repository\com\google\api\grpc\proto-google-cloud-bigquerystorage-v1beta2\0.90.0\proto-google-cloud-bigquerystorage-v1beta2-0.90.0.jar;C:\Users\91892\.m2\repository\com\google\api\grpc\proto-google-cloud-bigquerystorage-v1\0.90.0\proto-google-cloud-bigquerystorage-v1-0.90.0.jar;C:\Users\91892\.m2\repository\com\google\cloud\google-cloud-bigquery\1.106.0\google-cloud-bigquery-1.106.0.jar;C:\Users\91892\.m2\repository\javax\annotation\javax.annotation-api\1.3.2\javax.annotation-api-1.3.2.jar;C:\Users\91892\.m2\repository\com\google\cloud\bigtable\bigtable-client-core\1.13.0\bigtable-client-core-1.13.0.jar;C:\Users\91892\.m2\repository\com\google\cloud\google-cloud-bigtable\1.9.1\google-cloud-bigtable-1.9.1.jar;C:\Users\91892\.m2\repository\com\google\api\grpc\grpc-google-common-protos\1.17.0\grpc-google-common-protos-1.17.0.jar;C:\Users\91892\.m2\repository\com\google\api\grpc\grpc-google-cloud-bigtable-v2\1.9.1\grpc-google-cloud-bigtable-v2-1.9.1.jar;C:\Users\91892\.m2\repository\com\google\api\grpc\proto-google-cloud-bigtable-admin-v2\1.9.1\proto-google-cloud-bigtable-admin-v2-1.9.1.jar;C:\Users\91892\.m2\repository\com\google\api\grpc\grpc-google-cloud-bigtable-admin-v2\1.9.1\grpc-google-cloud-bigtable-admin-v2-1.9.1.jar;C:\Users\91892\.m2\repository\com\google\cloud\google-cloud-core-http\1.92.1\google-cloud-core-http-1.92.1.jar;C:\Users\91892\.m2\repository\com\google\http-client\google-http-client-appengine\1.34.0\google-http-client-appengine-1.34.0.jar;C:\Users\91892\.m2\repository\com\google\api\gax-httpjson\0.69.0\gax-httpjson-0.69.0.jar;C:\Users\91892\.m2\repository\io\opencensus\opencensus-contrib-grpc-util\0.24.0\opencensus-contrib-grpc-util-0.24.0.jar;C:\Users\91892\.m2\repository\io\dropwizard\metrics\metrics-core\4.1.9\metrics-core-4.1.9.jar;C:\Users\91892\.m2\repository\commons-codec\commons-codec\1.14\commons-codec-1.14.jar;C:\Users\91892\.m2\repository\com\google\cloud\google-cloud-core\1.92.2\google-cloud-core-1.92.2.jar;C:\Users\91892\.m2\repository\com\google\cloud\google-cloud-core-grpc\1.92.2\google-cloud-core-grpc-1.92.2.jar;C:\Users\91892\.m2\repository\com\google\cloud\datastore\datastore-v1-proto-client\1.6.3\datastore-v1-proto-client-1.6.3.jar;C:\Users\91892\.m2\repository\com\google\http-client\google-http-client-protobuf\1.33.0\google-http-client-protobuf-1.33.0.jar;C:\Users\91892\.m2\repository\com\google\cloud\google-cloud-spanner\1.49.1\google-cloud-spanner-1.49.1.jar;C:\Users\91892\.m2\repository\com\google\api\grpc\proto-google-cloud-spanner-admin-instance-v1\1.49.1\proto-google-cloud-spanner-admin-instance-v1-1.49.1.jar;C:\Users\91892\.m2\repository\com\google\api\grpc\proto-google-cloud-spanner-v1\1.49.1\proto-google-cloud-spanner-v1-1.49.1.jar;C:\Users\91892\.m2\repository\io\grpc\grpc-all\1.27.2\grpc-all-1.27.2.jar;C:\Users\91892\.m2\repository\io\grpc\grpc-api\1.27.2\grpc-api-1.27.2.jar;C:\Users\91892\.m2\repository\org\codehaus\mojo\animal-sniffer-annotations\1.18\animal-sniffer-annotations-1.18.jar;C:\Users\91892\.m2\repository\io\grpc\grpc-okhttp\1.27.2\grpc-okhttp-1.27.2.jar;C:\Users\91892\.m2\repository\com\squareup\okio\okio\1.13.0\okio-1.13.0.jar;C:\Users\91892\.m2\repository\com\squareup\okhttp\okhttp\2.5.0\okhttp-2.5.0.jar;C:\Users\91892\.m2\repository\io\grpc\grpc-testing\1.27.2\grpc-testing-1.27.2.jar;C:\Users\91892\.m2\repository\io\grpc\grpc-alts\1.27.2\grpc-alts-1.27.2.jar;C:\Users\91892\.m2\repository\org\apache\commons\commons-lang3\3.10\commons-lang3-3.10.jar;C:\Users\91892\.m2\repository\io\grpc\grpc-auth\1.27.2\grpc-auth-1.27.2.jar;C:\Users\91892\.m2\repository\io\grpc\grpc-core\1.27.2\grpc-core-1.27.2.jar;C:\Users\91892\.m2\repository\com\google\android\annotations\4.1.1.4\annotations-4.1.1.4.jar;C:\Users\91892\.m2\repository\io\perfmark\perfmark-api\0.19.0\perfmark-api-0.19.0.jar;C:\Users\91892\.m2\repository\io\grpc\grpc-context\1.27.2\grpc-context-1.27.2.jar;C:\Users\91892\.m2\repository\io\grpc\grpc-grpclb\1.27.2\grpc-grpclb-1.27.2.jar;C:\Users\91892\.m2\repository\io\grpc\grpc-netty\1.27.2\grpc-netty-1.27.2.jar;C:\Users\91892\.m2\repository\io\netty\netty-codec-http2\4.1.50.Final\netty-codec-http2-4.1.50.Final.jar;C:\Users\91892\.m2\repository\io\netty\netty-codec-http\4.1.50.Final\netty-codec-http-4.1.50.Final.jar;C:\Users\91892\.m2\repository\io\netty\netty-handler-proxy\4.1.50.Final\netty-handler-proxy-4.1.50.Final.jar;C:\Users\91892\.m2\repository\io\netty\netty-codec-socks\4.1.50.Final\netty-codec-socks-4.1.50.Final.jar;C:\Users\91892\.m2\repository\io\grpc\grpc-netty-shaded\1.27.2\grpc-netty-shaded-1.27.2.jar;C:\Users\91892\.m2\repository\io\grpc\grpc-stub\1.27.2\grpc-stub-1.27.2.jar;C:\Users\91892\.m2\repository\com\google\api\grpc\grpc-google-cloud-pubsub-v1\1.85.1\grpc-google-cloud-pubsub-v1-1.85.1.jar;C:\Users\91892\.m2\repository\io\netty\netty-handler\4.1.50.Final\netty-handler-4.1.50.Final.jar;C:\Users\91892\.m2\repository\io\netty\netty-common\4.1.50.Final\netty-common-4.1.50.Final.jar;C:\Users\91892\.m2\repository\io\netty\netty-resolver\4.1.50.Final\netty-resolver-4.1.50.Final.jar;C:\Users\91892\.m2\repository\io\netty\netty-buffer\4.1.50.Final\netty-buffer-4.1.50.Final.jar;C:\Users\91892\.m2\repository\io\netty\netty-transport\4.1.50.Final\netty-transport-4.1.50.Final.jar;C:\Users\91892\.m2\repository\io\netty\netty-codec\4.1.50.Final\netty-codec-4.1.50.Final.jar;C:\Users\91892\.m2\repository\io\netty\netty-tcnative-boringssl-static\2.0.31.Final\netty-tcnative-boringssl-static-2.0.31.Final.jar;C:\Users\91892\.m2\repository\com\google\api\grpc\proto-google-cloud-bigquerystorage-v1beta1\0.85.1\proto-google-cloud-bigquerystorage-v1beta1-0.85.1.jar;C:\Users\91892\.m2\repository\com\google\api\grpc\proto-google-cloud-bigtable-v2\1.9.1\proto-google-cloud-bigtable-v2-1.9.1.jar;C:\Users\91892\.m2\repository\com\google\api\grpc\proto-google-cloud-datastore-v1\0.85.0\proto-google-cloud-datastore-v1-0.85.0.jar;C:\Users\91892\.m2\repository\com\google\api\grpc\proto-google-cloud-pubsub-v1\1.85.1\proto-google-cloud-pubsub-v1-1.85.1.jar;C:\Users\91892\.m2\repository\com\google\api\grpc\proto-google-cloud-spanner-admin-database-v1\1.49.1\proto-google-cloud-spanner-admin-database-v1-1.49.1.jar;C:\Users\91892\.m2\repository\com\google\api\grpc\proto-google-common-protos\1.17.0\proto-google-common-protos-1.17.0.jar;C:\Users\91892\.m2\repository\com\google\protobuf\protobuf-java\3.11.1\protobuf-java-3.11.1.jar;C:\Users\91892\.m2\repository\org\apache\beam\beam-runners-core-construction-java\2.23.0\beam-runners-core-construction-java-2.23.0.jar;C:\Users\91892\.m2\repository\io\github\classgraph\classgraph\4.8.65\classgraph-4.8.65.jar;C:\Users\91892\.m2\repository\org\apache\avro\avro\1.8.2\avro-1.8.2.jar;C:\Users\91892\.m2\repository\org\codehaus\jackson\jackson-core-asl\1.9.13\jackson-core-asl-1.9.13.jar;C:\Users\91892\.m2\repository\org\codehaus\jackson\jackson-mapper-asl\1.9.13\jackson-mapper-asl-1.9.13.jar;C:\Users\91892\.m2\repository\com\thoughtworks\paranamer\paranamer\2.7\paranamer-2.7.jar;C:\Users\91892\.m2\repository\org\apache\commons\commons-compress\1.8.1\commons-compress-1.8.1.jar;C:\Users\91892\.m2\repository\com\google\cloud\bigdataoss\util\2.1.3\util-2.1.3.jar;C:\Users\91892\.m2\repository\com\google\api-client\google-api-client-java6\1.30.9\google-api-client-java6-1.30.9.jar;C:\Users\91892\.m2\repository\com\google\api-client\google-api-client-jackson2\1.30.9\google-api-client-jackson2-1.30.9.jar;C:\Users\91892\.m2\repository\com\google\auto\value\auto-value-annotations\1.7.1\auto-value-annotations-1.7.1.jar;C:\Users\91892\.m2\repository\com\google\oauth-client\google-oauth-client-java6\1.30.6\google-oauth-client-java6-1.30.6.jar;C:\Users\91892\.m2\repository\com\google\flogger\google-extensions\0.5.1\google-extensions-0.5.1.jar;C:\Users\91892\.m2\repository\com\google\flogger\flogger\0.5.1\flogger-0.5.1.jar;C:\Users\91892\.m2\repository\com\google\flogger\flogger-system-backend\0.5.1\flogger-system-backend-0.5.1.jar;C:\Users\91892\.m2\repository\com\google\apis\google-api-services-clouddebugger\v2-rev20200313-1.30.9\google-api-services-clouddebugger-v2-rev20200313-1.30.9.jar;C:\Users\91892\.m2\repository\com\google\apis\google-api-services-storage\v1-rev20200226-1.30.9\google-api-services-storage-v1-rev20200226-1.30.9.jar;C:\Users\91892\.m2\repository\com\google\auth\google-auth-library-credentials\0.19.0\google-auth-library-credentials-0.19.0.jar;C:\Users\91892\.m2\repository\com\google\auth\google-auth-library-oauth2-http\0.19.0\google-auth-library-oauth2-http-0.19.0.jar;C:\Users\91892\.m2\repository\com\google\http-client\google-http-client\1.34.0\google-http-client-1.34.0.jar;C:\Users\91892\.m2\repository\org\apache\httpcomponents\httpclient\4.5.12\httpclient-4.5.12.jar;C:\Users\91892\.m2\repository\org\apache\httpcomponents\httpcore\4.4.13\httpcore-4.4.13.jar;C:\Users\91892\.m2\repository\com\google\j2objc\j2objc-annotations\1.3\j2objc-annotations-1.3.jar;C:\Users\91892\.m2\repository\io\opencensus\opencensus-api\0.24.0\opencensus-api-0.24.0.jar;C:\Users\91892\.m2\repository\io\opencensus\opencensus-contrib-http-util\0.24.0\opencensus-contrib-http-util-0.24.0.jar;C:\Users\91892\.m2\repository\com\google\http-client\google-http-client-jackson2\1.34.0\google-http-client-jackson2-1.34.0.jar;C:\Users\91892\.m2\repository\com\fasterxml\jackson\core\jackson-annotations\2.11.0\jackson-annotations-2.11.0.jar;C:\Users\91892\.m2\repository\com\fasterxml\jackson\core\jackson-core\2.11.0\jackson-core-2.11.0.jar;C:\Users\91892\.m2\repository\com\fasterxml\jackson\core\jackson-databind\2.11.0\jackson-databind-2.11.0.jar;C:\Users\91892\.m2\repository\joda-time\joda-time\2.10.5\joda-time-2.10.5.jar;C:\Users\91892\.m2\repository\org\slf4j\slf4j-api\1.7.30\slf4j-api-1.7.30.jar;C:\Users\91892\.m2\repository\org\apache\beam\beam-vendor-grpc-1_26_0\0.3\beam-vendor-grpc-1_26_0-0.3.jar;C:\Users\91892\.m2\repository\com\google\api-client\google-api-client\1.30.10\google-api-client-1.30.10.jar;C:\Users\91892\.m2\repository\com\google\oauth-client\google-oauth-client\1.31.0\google-oauth-client-1.31.0.jar;C:\Users\91892\.m2\repository\com\google\guava\guava\29.0-android\guava-29.0-android.jar;C:\Users\91892\.m2\repository\com\google\guava\failureaccess\1.0.1\failureaccess-1.0.1.jar;C:\Users\91892\.m2\repository\com\google\guava\listenablefuture\9999.0-empty-to-avoid-conflict-with-guava\listenablefuture-9999.0-empty-to-avoid-conflict-with-guava.jar;C:\Users\91892\.m2\repository\org\checkerframework\checker-compat-qual\2.5.5\checker-compat-qual-2.5.5.jar;C:\Users\91892\.m2\repository\org\apache\beam\beam-sdks-java-core\2.23.0\beam-sdks-java-core-2.23.0.jar;C:\Users\91892\.m2\repository\org\apache\beam\beam-model-job-management\2.23.0\beam-model-job-management-2.23.0.jar;C:\Users\91892\.m2\repository\org\apache\beam\beam-vendor-bytebuddy-1_10_8\0.1\beam-vendor-bytebuddy-1_10_8-0.1.jar;C:\Users\91892\.m2\repository\com\google\code\findbugs\jsr305\3.0.2\jsr305-3.0.2.jar;C:\Users\91892\.m2\repository\org\xerial\snappy\snappy-java\1.1.4\snappy-java-1.1.4.jar;C:\Users\91892\.m2\repository\org\tukaani\xz\1.8\xz-1.8.jar;C:\Users\91892\.m2\repository\junit\junit\4.12\junit-4.12.jar;C:\Users\91892\.m2\repository\org\hamcrest\hamcrest-core\2.2\hamcrest-core-2.2.jar;C:\Users\91892\.m2\repository\org\springframework\boot\spring-boot-starter-test\2.3.1.RELEASE\spring-boot-starter-test-2.3.1.RELEASE.jar;C:\Users\91892\.m2\repository\org\springframework\boot\spring-boot-starter\2.3.1.RELEASE\spring-boot-starter-2.3.1.RELEASE.jar;C:\Users\91892\.m2\repository\org\springframework\boot\spring-boot\2.3.1.RELEASE\spring-boot-2.3.1.RELEASE.jar;C:\Users\91892\.m2\repository\org\springframework\spring-context\5.2.7.RELEASE\spring-context-5.2.7.RELEASE.jar;C:\Users\91892\.m2\repository\org\springframework\spring-aop\5.2.7.RELEASE\spring-aop-5.2.7.RELEASE.jar;C:\Users\91892\.m2\repository\org\springframework\spring-beans\5.2.7.RELEASE\spring-beans-5.2.7.RELEASE.jar;C:\Users\91892\.m2\repository\org\springframework\spring-expression\5.2.7.RELEASE\spring-expression-5.2.7.RELEASE.jar;C:\Users\91892\.m2\repository\org\springframework\boot\spring-boot-autoconfigure\2.3.1.RELEASE\spring-boot-autoconfigure-2.3.1.RELEASE.jar;C:\Users\91892\.m2\repository\org\springframework\boot\spring-boot-starter-logging\2.3.1.RELEASE\spring-boot-starter-logging-2.3.1.RELEASE.jar;C:\Users\91892\.m2\repository\ch\qos\logback\logback-classic\1.2.3\logback-classic-1.2.3.jar;C:\Users\91892\.m2\repository\ch\qos\logback\logback-core\1.2.3\logback-core-1.2.3.jar;C:\Users\91892\.m2\repository\org\apache\logging\log4j\log4j-to-slf4j\2.13.3\log4j-to-slf4j-2.13.3.jar;C:\Users\91892\.m2\repository\org\slf4j\jul-to-slf4j\1.7.30\jul-to-slf4j-1.7.30.jar;C:\Users\91892\.m2\repository\jakarta\annotation\jakarta.annotation-api\1.3.5\jakarta.annotation-api-1.3.5.jar;C:\Users\91892\.m2\repository\org\yaml\snakeyaml\1.26\snakeyaml-1.26.jar;C:\Users\91892\.m2\repository\org\springframework\boot\spring-boot-test\2.3.1.RELEASE\spring-boot-test-2.3.1.RELEASE.jar;C:\Users\91892\.m2\repository\org\springframework\boot\spring-boot-test-autoconfigure\2.3.1.RELEASE\spring-boot-test-autoconfigure-2.3.1.RELEASE.jar;C:\Users\91892\.m2\repository\com\jayway\jsonpath\json-path\2.4.0\json-path-2.4.0.jar;C:\Users\91892\.m2\repository\net\minidev\json-smart\2.3\json-smart-2.3.jar;C:\Users\91892\.m2\repository\net\minidev\accessors-smart\1.2\accessors-smart-1.2.jar;C:\Users\91892\.m2\repository\org\ow2\asm\asm\5.0.4\asm-5.0.4.jar;C:\Users\91892\.m2\repository\jakarta\xml\bind\jakarta.xml.bind-api\2.3.3\jakarta.xml.bind-api-2.3.3.jar;C:\Users\91892\.m2\repository\jakarta\activation\jakarta.activation-api\1.2.2\jakarta.activation-api-1.2.2.jar;C:\Users\91892\.m2\repository\org\assertj\assertj-core\3.16.1\assertj-core-3.16.1.jar;C:\Users\91892\.m2\repository\org\hamcrest\hamcrest\2.2\hamcrest-2.2.jar;C:\Users\91892\.m2\repository\org\junit\jupiter\junit-jupiter\5.6.2\junit-jupiter-5.6.2.jar;C:\Users\91892\.m2\repository\org\junit\jupiter\junit-jupiter-api\5.6.2\junit-jupiter-api-5.6.2.jar;C:\Users\91892\.m2\repository\org\opentest4j\opentest4j\1.2.0\opentest4j-1.2.0.jar;C:\Users\91892\.m2\repository\org\junit\platform\junit-platform-commons\1.6.2\junit-platform-commons-1.6.2.jar;C:\Users\91892\.m2\repository\org\junit\jupiter\junit-jupiter-params\5.6.2\junit-jupiter-params-5.6.2.jar;C:\Users\91892\.m2\repository\org\junit\jupiter\junit-jupiter-engine\5.6.2\junit-jupiter-engine-5.6.2.jar;C:\Users\91892\.m2\repository\org\junit\vintage\junit-vintage-engine\5.6.2\junit-vintage-engine-5.6.2.jar;C:\Users\91892\.m2\repository\org\apiguardian\apiguardian-api\1.1.0\apiguardian-api-1.1.0.jar;C:\Users\91892\.m2\repository\org\junit\platform\junit-platform-engine\1.6.2\junit-platform-engine-1.6.2.jar;C:\Users\91892\.m2\repository\org\mockito\mockito-core\3.3.3\mockito-core-3.3.3.jar;C:\Users\91892\.m2\repository\net\bytebuddy\byte-buddy\1.10.11\byte-buddy-1.10.11.jar;C:\Users\91892\.m2\repository\net\bytebuddy\byte-buddy-agent\1.10.11\byte-buddy-agent-1.10.11.jar;C:\Users\91892\.m2\repository\org\objenesis\objenesis\2.6\objenesis-2.6.jar;C:\Users\91892\.m2\repository\org\mockito\mockito-junit-jupiter\3.3.3\mockito-junit-jupiter-3.3.3.jar;C:\Users\91892\.m2\repository\org\skyscreamer\jsonassert\1.5.0\jsonassert-1.5.0.jar;C:\Users\91892\.m2\repository\com\vaadin\external\google\android-json\0.0.20131108.vaadin1\android-json-0.0.20131108.vaadin1.jar;C:\Users\91892\.m2\repository\org\springframework\spring-core\5.2.7.RELEASE\spring-core-5.2.7.RELEASE.jar;C:\Users\91892\.m2\repository\org\springframework\spring-jcl\5.2.7.RELEASE\spring-jcl-5.2.7.RELEASE.jar;C:\Users\91892\.m2\repository\org\springframework\spring-test\5.2.7.RELEASE\spring-test-5.2.7.RELEASE.jar;C:\Users\91892\.m2\repository\org\xmlunit\xmlunit-core\2.7.0\xmlunit-core-2.7.0.jar;"/>
    <property name="java.vm.vendor" value="Oracle Corporation"/>
    <property name="sun.arch.data.model" value="64"/>
    <property name="user.variant" value=""/>
    <property name="java.vendor.url" value="https://java.oracle.com/"/>
    <property name="user.timezone" value="Asia/Calcutta"/>
    <property name="os.name" value="Windows 10"/>
    <property name="java.vm.specification.version" value="14"/>
    <property name="sun.java.launcher" value="SUN_STANDARD"/>
    <property name="user.country" value="IN"/>
    <property name="sun.boot.library.path" value="C:\software\openjdk-14.0.1_windows-x64_bin\jdk-14.0.1\bin"/>
    <property name="sun.java.command" value="C:\Users\91892\AppData\Local\Temp\surefire3679275934574371657\surefirebooter11865300518178077327.jar C:\Users\91892\AppData\Local\Temp\surefire3679275934574371657 2020-09-04T16-53-10_749-jvmRun1 surefire6372587283195661699tmp surefire_018167256767796510128tmp"/>
    <property name="jdk.debug" value="release"/>
    <property name="surefire.test.class.path" value="D:\Example\function-source\target\test-classes;D:\Example\function-source\target\classes;C:\Users\91892\.m2\repository\com\google\cloud\functions\functions-framework-api\1.0.1\functions-framework-api-1.0.1.jar;C:\Users\91892\.m2\repository\com\google\apis\google-api-services-dataflow\v1b3-rev298-1.18.0-rc\google-api-services-dataflow-v1b3-rev298-1.18.0-rc.jar;C:\Users\91892\.m2\repository\org\apache\beam\beam-runners-google-cloud-dataflow-java\2.23.0\beam-runners-google-cloud-dataflow-java-2.23.0.jar;C:\Users\91892\.m2\repository\org\apache\beam\beam-vendor-guava-26_0-jre\0.1\beam-vendor-guava-26_0-jre-0.1.jar;C:\Users\91892\.m2\repository\org\apache\beam\beam-model-pipeline\2.23.0\beam-model-pipeline-2.23.0.jar;C:\Users\91892\.m2\repository\com\google\errorprone\error_prone_annotations\2.3.3\error_prone_annotations-2.3.3.jar;C:\Users\91892\.m2\repository\commons-logging\commons-logging\1.2\commons-logging-1.2.jar;C:\Users\91892\.m2\repository\org\apache\logging\log4j\log4j-api\2.13.3\log4j-api-2.13.3.jar;C:\Users\91892\.m2\repository\org\conscrypt\conscrypt-openjdk-uber\1.3.0\conscrypt-openjdk-uber-1.3.0.jar;C:\Users\91892\.m2\repository\org\apache\beam\beam-sdks-java-extensions-google-cloud-platform-core\2.23.0\beam-sdks-java-extensions-google-cloud-platform-core-2.23.0.jar;C:\Users\91892\.m2\repository\com\google\cloud\bigdataoss\gcsio\2.1.3\gcsio-2.1.3.jar;C:\Users\91892\.m2\repository\io\grpc\grpc-protobuf\1.29.0\grpc-protobuf-1.29.0.jar;C:\Users\91892\.m2\repository\io\grpc\grpc-protobuf-lite\1.29.0\grpc-protobuf-lite-1.29.0.jar;C:\Users\91892\.m2\repository\com\google\api\grpc\proto-google-iam-v1\0.13.0\proto-google-iam-v1-0.13.0.jar;C:\Users\91892\.m2\repository\com\google\protobuf\protobuf-java-util\3.11.4\protobuf-java-util-3.11.4.jar;C:\Users\91892\.m2\repository\com\google\code\gson\gson\2.8.6\gson-2.8.6.jar;C:\Users\91892\.m2\repository\com\google\apis\google-api-services-cloudresourcemanager\v1-rev20200311-1.30.9\google-api-services-cloudresourcemanager-v1-rev20200311-1.30.9.jar;C:\Users\91892\.m2\repository\org\apache\beam\beam-sdks-java-io-google-cloud-platform\2.23.0\beam-sdks-java-io-google-cloud-platform-2.23.0.jar;C:\Users\91892\.m2\repository\org\apache\beam\beam-sdks-java-expansion-service\2.23.0\beam-sdks-java-expansion-service-2.23.0.jar;C:\Users\91892\.m2\repository\org\apache\beam\beam-model-fn-execution\2.23.0\beam-model-fn-execution-2.23.0.jar;C:\Users\91892\.m2\repository\org\apache\beam\beam-runners-java-fn-execution\2.23.0\beam-runners-java-fn-execution-2.23.0.jar;C:\Users\91892\.m2\repository\org\apache\beam\beam-sdks-java-fn-execution\2.23.0\beam-sdks-java-fn-execution-2.23.0.jar;C:\Users\91892\.m2\repository\org\apache\beam\beam-vendor-sdks-java-extensions-protobuf\2.23.0\beam-vendor-sdks-java-extensions-protobuf-2.23.0.jar;C:\Users\91892\.m2\repository\args4j\args4j\2.33\args4j-2.33.jar;C:\Users\91892\.m2\repository\org\apache\beam\beam-sdks-java-extensions-protobuf\2.23.0\beam-sdks-java-extensions-protobuf-2.23.0.jar;C:\Users\91892\.m2\repository\com\google\api\gax\1.54.0\gax-1.54.0.jar;C:\Users\91892\.m2\repository\org\threeten\threetenbp\1.4.0\threetenbp-1.4.0.jar;C:\Users\91892\.m2\repository\com\google\api\api-common\1.8.1\api-common-1.8.1.jar;C:\Users\91892\.m2\repository\com\google\api\gax-grpc\1.54.0\gax-grpc-1.54.0.jar;C:\Users\91892\.m2\repository\com\google\apis\google-api-services-bigquery\v2-rev20191211-1.30.9\google-api-services-bigquery-v2-rev20191211-1.30.9.jar;C:\Users\91892\.m2\repository\com\google\apis\google-api-services-healthcare\v1beta1-rev20200525-1.30.9\google-api-services-healthcare-v1beta1-rev20200525-1.30.9.jar;C:\Users\91892\.m2\repository\com\google\apis\google-api-services-pubsub\v1-rev20200312-1.30.9\google-api-services-pubsub-v1-rev20200312-1.30.9.jar;C:\Users\91892\.m2\repository\com\google\cloud\google-cloud-bigquerystorage\0.125.0-beta\google-cloud-bigquerystorage-0.125.0-beta.jar;C:\Users\91892\.m2\repository\com\google\api\grpc\proto-google-cloud-bigquerystorage-v1alpha2\0.90.0\proto-google-cloud-bigquerystorage-v1alpha2-0.90.0.jar;C:\Users\91892\.m2\repository\com\google\api\grpc\proto-google-cloud-bigquerystorage-v1beta2\0.90.0\proto-google-cloud-bigquerystorage-v1beta2-0.90.0.jar;C:\Users\91892\.m2\repository\com\google\api\grpc\proto-google-cloud-bigquerystorage-v1\0.90.0\proto-google-cloud-bigquerystorage-v1-0.90.0.jar;C:\Users\91892\.m2\repository\com\google\cloud\google-cloud-bigquery\1.106.0\google-cloud-bigquery-1.106.0.jar;C:\Users\91892\.m2\repository\javax\annotation\javax.annotation-api\1.3.2\javax.annotation-api-1.3.2.jar;C:\Users\91892\.m2\repository\com\google\cloud\bigtable\bigtable-client-core\1.13.0\bigtable-client-core-1.13.0.jar;C:\Users\91892\.m2\repository\com\google\cloud\google-cloud-bigtable\1.9.1\google-cloud-bigtable-1.9.1.jar;C:\Users\91892\.m2\repository\com\google\api\grpc\grpc-google-common-protos\1.17.0\grpc-google-common-protos-1.17.0.jar;C:\Users\91892\.m2\repository\com\google\api\grpc\grpc-google-cloud-bigtable-v2\1.9.1\grpc-google-cloud-bigtable-v2-1.9.1.jar;C:\Users\91892\.m2\repository\com\google\api\grpc\proto-google-cloud-bigtable-admin-v2\1.9.1\proto-google-cloud-bigtable-admin-v2-1.9.1.jar;C:\Users\91892\.m2\repository\com\google\api\grpc\grpc-google-cloud-bigtable-admin-v2\1.9.1\grpc-google-cloud-bigtable-admin-v2-1.9.1.jar;C:\Users\91892\.m2\repository\com\google\cloud\google-cloud-core-http\1.92.1\google-cloud-core-http-1.92.1.jar;C:\Users\91892\.m2\repository\com\google\http-client\google-http-client-appengine\1.34.0\google-http-client-appengine-1.34.0.jar;C:\Users\91892\.m2\repository\com\google\api\gax-httpjson\0.69.0\gax-httpjson-0.69.0.jar;C:\Users\91892\.m2\repository\io\opencensus\opencensus-contrib-grpc-util\0.24.0\opencensus-contrib-grpc-util-0.24.0.jar;C:\Users\91892\.m2\repository\io\dropwizard\metrics\metrics-core\4.1.9\metrics-core-4.1.9.jar;C:\Users\91892\.m2\repository\commons-codec\commons-codec\1.14\commons-codec-1.14.jar;C:\Users\91892\.m2\repository\com\google\cloud\google-cloud-core\1.92.2\google-cloud-core-1.92.2.jar;C:\Users\91892\.m2\repository\com\google\cloud\google-cloud-core-grpc\1.92.2\google-cloud-core-grpc-1.92.2.jar;C:\Users\91892\.m2\repository\com\google\cloud\datastore\datastore-v1-proto-client\1.6.3\datastore-v1-proto-client-1.6.3.jar;C:\Users\91892\.m2\repository\com\google\http-client\google-http-client-protobuf\1.33.0\google-http-client-protobuf-1.33.0.jar;C:\Users\91892\.m2\repository\com\google\cloud\google-cloud-spanner\1.49.1\google-cloud-spanner-1.49.1.jar;C:\Users\91892\.m2\repository\com\google\api\grpc\proto-google-cloud-spanner-admin-instance-v1\1.49.1\proto-google-cloud-spanner-admin-instance-v1-1.49.1.jar;C:\Users\91892\.m2\repository\com\google\api\grpc\proto-google-cloud-spanner-v1\1.49.1\proto-google-cloud-spanner-v1-1.49.1.jar;C:\Users\91892\.m2\repository\io\grpc\grpc-all\1.27.2\grpc-all-1.27.2.jar;C:\Users\91892\.m2\repository\io\grpc\grpc-api\1.27.2\grpc-api-1.27.2.jar;C:\Users\91892\.m2\repository\org\codehaus\mojo\animal-sniffer-annotations\1.18\animal-sniffer-annotations-1.18.jar;C:\Users\91892\.m2\repository\io\grpc\grpc-okhttp\1.27.2\grpc-okhttp-1.27.2.jar;C:\Users\91892\.m2\repository\com\squareup\okio\okio\1.13.0\okio-1.13.0.jar;C:\Users\91892\.m2\repository\com\squareup\okhttp\okhttp\2.5.0\okhttp-2.5.0.jar;C:\Users\91892\.m2\repository\io\grpc\grpc-testing\1.27.2\grpc-testing-1.27.2.jar;C:\Users\91892\.m2\repository\io\grpc\grpc-alts\1.27.2\grpc-alts-1.27.2.jar;C:\Users\91892\.m2\repository\org\apache\commons\commons-lang3\3.10\commons-lang3-3.10.jar;C:\Users\91892\.m2\repository\io\grpc\grpc-auth\1.27.2\grpc-auth-1.27.2.jar;C:\Users\91892\.m2\repository\io\grpc\grpc-core\1.27.2\grpc-core-1.27.2.jar;C:\Users\91892\.m2\repository\com\google\android\annotations\4.1.1.4\annotations-4.1.1.4.jar;C:\Users\91892\.m2\repository\io\perfmark\perfmark-api\0.19.0\perfmark-api-0.19.0.jar;C:\Users\91892\.m2\repository\io\grpc\grpc-context\1.27.2\grpc-context-1.27.2.jar;C:\Users\91892\.m2\repository\io\grpc\grpc-grpclb\1.27.2\grpc-grpclb-1.27.2.jar;C:\Users\91892\.m2\repository\io\grpc\grpc-netty\1.27.2\grpc-netty-1.27.2.jar;C:\Users\91892\.m2\repository\io\netty\netty-codec-http2\4.1.50.Final\netty-codec-http2-4.1.50.Final.jar;C:\Users\91892\.m2\repository\io\netty\netty-codec-http\4.1.50.Final\netty-codec-http-4.1.50.Final.jar;C:\Users\91892\.m2\repository\io\netty\netty-handler-proxy\4.1.50.Final\netty-handler-proxy-4.1.50.Final.jar;C:\Users\91892\.m2\repository\io\netty\netty-codec-socks\4.1.50.Final\netty-codec-socks-4.1.50.Final.jar;C:\Users\91892\.m2\repository\io\grpc\grpc-netty-shaded\1.27.2\grpc-netty-shaded-1.27.2.jar;C:\Users\91892\.m2\repository\io\grpc\grpc-stub\1.27.2\grpc-stub-1.27.2.jar;C:\Users\91892\.m2\repository\com\google\api\grpc\grpc-google-cloud-pubsub-v1\1.85.1\grpc-google-cloud-pubsub-v1-1.85.1.jar;C:\Users\91892\.m2\repository\io\netty\netty-handler\4.1.50.Final\netty-handler-4.1.50.Final.jar;C:\Users\91892\.m2\repository\io\netty\netty-common\4.1.50.Final\netty-common-4.1.50.Final.jar;C:\Users\91892\.m2\repository\io\netty\netty-resolver\4.1.50.Final\netty-resolver-4.1.50.Final.jar;C:\Users\91892\.m2\repository\io\netty\netty-buffer\4.1.50.Final\netty-buffer-4.1.50.Final.jar;C:\Users\91892\.m2\repository\io\netty\netty-transport\4.1.50.Final\netty-transport-4.1.50.Final.jar;C:\Users\91892\.m2\repository\io\netty\netty-codec\4.1.50.Final\netty-codec-4.1.50.Final.jar;C:\Users\91892\.m2\repository\io\netty\netty-tcnative-boringssl-static\2.0.31.Final\netty-tcnative-boringssl-static-2.0.31.Final.jar;C:\Users\91892\.m2\repository\com\google\api\grpc\proto-google-cloud-bigquerystorage-v1beta1\0.85.1\proto-google-cloud-bigquerystorage-v1beta1-0.85.1.jar;C:\Users\91892\.m2\repository\com\google\api\grpc\proto-google-cloud-bigtable-v2\1.9.1\proto-google-cloud-bigtable-v2-1.9.1.jar;C:\Users\91892\.m2\repository\com\google\api\grpc\proto-google-cloud-datastore-v1\0.85.0\proto-google-cloud-datastore-v1-0.85.0.jar;C:\Users\91892\.m2\repository\com\google\api\grpc\proto-google-cloud-pubsub-v1\1.85.1\proto-google-cloud-pubsub-v1-1.85.1.jar;C:\Users\91892\.m2\repository\com\google\api\grpc\proto-google-cloud-spanner-admin-database-v1\1.49.1\proto-google-cloud-spanner-admin-database-v1-1.49.1.jar;C:\Users\91892\.m2\repository\com\google\api\grpc\proto-google-common-protos\1.17.0\proto-google-common-protos-1.17.0.jar;C:\Users\91892\.m2\repository\com\google\protobuf\protobuf-java\3.11.1\protobuf-java-3.11.1.jar;C:\Users\91892\.m2\repository\org\apache\beam\beam-runners-core-construction-java\2.23.0\beam-runners-core-construction-java-2.23.0.jar;C:\Users\91892\.m2\repository\io\github\classgraph\classgraph\4.8.65\classgraph-4.8.65.jar;C:\Users\91892\.m2\repository\org\apache\avro\avro\1.8.2\avro-1.8.2.jar;C:\Users\91892\.m2\repository\org\codehaus\jackson\jackson-core-asl\1.9.13\jackson-core-asl-1.9.13.jar;C:\Users\91892\.m2\repository\org\codehaus\jackson\jackson-mapper-asl\1.9.13\jackson-mapper-asl-1.9.13.jar;C:\Users\91892\.m2\repository\com\thoughtworks\paranamer\paranamer\2.7\paranamer-2.7.jar;C:\Users\91892\.m2\repository\org\apache\commons\commons-compress\1.8.1\commons-compress-1.8.1.jar;C:\Users\91892\.m2\repository\com\google\cloud\bigdataoss\util\2.1.3\util-2.1.3.jar;C:\Users\91892\.m2\repository\com\google\api-client\google-api-client-java6\1.30.9\google-api-client-java6-1.30.9.jar;C:\Users\91892\.m2\repository\com\google\api-client\google-api-client-jackson2\1.30.9\google-api-client-jackson2-1.30.9.jar;C:\Users\91892\.m2\repository\com\google\auto\value\auto-value-annotations\1.7.1\auto-value-annotations-1.7.1.jar;C:\Users\91892\.m2\repository\com\google\oauth-client\google-oauth-client-java6\1.30.6\google-oauth-client-java6-1.30.6.jar;C:\Users\91892\.m2\repository\com\google\flogger\google-extensions\0.5.1\google-extensions-0.5.1.jar;C:\Users\91892\.m2\repository\com\google\flogger\flogger\0.5.1\flogger-0.5.1.jar;C:\Users\91892\.m2\repository\com\google\flogger\flogger-system-backend\0.5.1\flogger-system-backend-0.5.1.jar;C:\Users\91892\.m2\repository\com\google\apis\google-api-services-clouddebugger\v2-rev20200313-1.30.9\google-api-services-clouddebugger-v2-rev20200313-1.30.9.jar;C:\Users\91892\.m2\repository\com\google\apis\google-api-services-storage\v1-rev20200226-1.30.9\google-api-services-storage-v1-rev20200226-1.30.9.jar;C:\Users\91892\.m2\repository\com\google\auth\google-auth-library-credentials\0.19.0\google-auth-library-credentials-0.19.0.jar;C:\Users\91892\.m2\repository\com\google\auth\google-auth-library-oauth2-http\0.19.0\google-auth-library-oauth2-http-0.19.0.jar;C:\Users\91892\.m2\repository\com\google\http-client\google-http-client\1.34.0\google-http-client-1.34.0.jar;C:\Users\91892\.m2\repository\org\apache\httpcomponents\httpclient\4.5.12\httpclient-4.5.12.jar;C:\Users\91892\.m2\repository\org\apache\httpcomponents\httpcore\4.4.13\httpcore-4.4.13.jar;C:\Users\91892\.m2\repository\com\google\j2objc\j2objc-annotations\1.3\j2objc-annotations-1.3.jar;C:\Users\91892\.m2\repository\io\opencensus\opencensus-api\0.24.0\opencensus-api-0.24.0.jar;C:\Users\91892\.m2\repository\io\opencensus\opencensus-contrib-http-util\0.24.0\opencensus-contrib-http-util-0.24.0.jar;C:\Users\91892\.m2\repository\com\google\http-client\google-http-client-jackson2\1.34.0\google-http-client-jackson2-1.34.0.jar;C:\Users\91892\.m2\repository\com\fasterxml\jackson\core\jackson-annotations\2.11.0\jackson-annotations-2.11.0.jar;C:\Users\91892\.m2\repository\com\fasterxml\jackson\core\jackson-core\2.11.0\jackson-core-2.11.0.jar;C:\Users\91892\.m2\repository\com\fasterxml\jackson\core\jackson-databind\2.11.0\jackson-databind-2.11.0.jar;C:\Users\91892\.m2\repository\joda-time\joda-time\2.10.5\joda-time-2.10.5.jar;C:\Users\91892\.m2\repository\org\slf4j\slf4j-api\1.7.30\slf4j-api-1.7.30.jar;C:\Users\91892\.m2\repository\org\apache\beam\beam-vendor-grpc-1_26_0\0.3\beam-vendor-grpc-1_26_0-0.3.jar;C:\Users\91892\.m2\repository\com\google\api-client\google-api-client\1.30.10\google-api-client-1.30.10.jar;C:\Users\91892\.m2\repository\com\google\oauth-client\google-oauth-client\1.31.0\google-oauth-client-1.31.0.jar;C:\Users\91892\.m2\repository\com\google\guava\guava\29.0-android\guava-29.0-android.jar;C:\Users\91892\.m2\repository\com\google\guava\failureaccess\1.0.1\failureaccess-1.0.1.jar;C:\Users\91892\.m2\repository\com\google\guava\listenablefuture\9999.0-empty-to-avoid-conflict-with-guava\listenablefuture-9999.0-empty-to-avoid-conflict-with-guava.jar;C:\Users\91892\.m2\repository\org\checkerframework\checker-compat-qual\2.5.5\checker-compat-qual-2.5.5.jar;C:\Users\91892\.m2\repository\org\apache\beam\beam-sdks-java-core\2.23.0\beam-sdks-java-core-2.23.0.jar;C:\Users\91892\.m2\repository\org\apache\beam\beam-model-job-management\2.23.0\beam-model-job-management-2.23.0.jar;C:\Users\91892\.m2\repository\org\apache\beam\beam-vendor-bytebuddy-1_10_8\0.1\beam-vendor-bytebuddy-1_10_8-0.1.jar;C:\Users\91892\.m2\repository\com\google\code\findbugs\jsr305\3.0.2\jsr305-3.0.2.jar;C:\Users\91892\.m2\repository\org\xerial\snappy\snappy-java\1.1.4\snappy-java-1.1.4.jar;C:\Users\91892\.m2\repository\org\tukaani\xz\1.8\xz-1.8.jar;C:\Users\91892\.m2\repository\junit\junit\4.12\junit-4.12.jar;C:\Users\91892\.m2\repository\org\hamcrest\hamcrest-core\2.2\hamcrest-core-2.2.jar;C:\Users\91892\.m2\repository\org\springframework\boot\spring-boot-starter-test\2.3.1.RELEASE\spring-boot-starter-test-2.3.1.RELEASE.jar;C:\Users\91892\.m2\repository\org\springframework\boot\spring-boot-starter\2.3.1.RELEASE\spring-boot-starter-2.3.1.RELEASE.jar;C:\Users\91892\.m2\repository\org\springframework\boot\spring-boot\2.3.1.RELEASE\spring-boot-2.3.1.RELEASE.jar;C:\Users\91892\.m2\repository\org\springframework\spring-context\5.2.7.RELEASE\spring-context-5.2.7.RELEASE.jar;C:\Users\91892\.m2\repository\org\springframework\spring-aop\5.2.7.RELEASE\spring-aop-5.2.7.RELEASE.jar;C:\Users\91892\.m2\repository\org\springframework\spring-beans\5.2.7.RELEASE\spring-beans-5.2.7.RELEASE.jar;C:\Users\91892\.m2\repository\org\springframework\spring-expression\5.2.7.RELEASE\spring-expression-5.2.7.RELEASE.jar;C:\Users\91892\.m2\repository\org\springframework\boot\spring-boot-autoconfigure\2.3.1.RELEASE\spring-boot-autoconfigure-2.3.1.RELEASE.jar;C:\Users\91892\.m2\repository\org\springframework\boot\spring-boot-starter-logging\2.3.1.RELEASE\spring-boot-starter-logging-2.3.1.RELEASE.jar;C:\Users\91892\.m2\repository\ch\qos\logback\logback-classic\1.2.3\logback-classic-1.2.3.jar;C:\Users\91892\.m2\repository\ch\qos\logback\logback-core\1.2.3\logback-core-1.2.3.jar;C:\Users\91892\.m2\repository\org\apache\logging\log4j\log4j-to-slf4j\2.13.3\log4j-to-slf4j-2.13.3.jar;C:\Users\91892\.m2\repository\org\slf4j\jul-to-slf4j\1.7.30\jul-to-slf4j-1.7.30.jar;C:\Users\91892\.m2\repository\jakarta\annotation\jakarta.annotation-api\1.3.5\jakarta.annotation-api-1.3.5.jar;C:\Users\91892\.m2\repository\org\yaml\snakeyaml\1.26\snakeyaml-1.26.jar;C:\Users\91892\.m2\repository\org\springframework\boot\spring-boot-test\2.3.1.RELEASE\spring-boot-test-2.3.1.RELEASE.jar;C:\Users\91892\.m2\repository\org\springframework\boot\spring-boot-test-autoconfigure\2.3.1.RELEASE\spring-boot-test-autoconfigure-2.3.1.RELEASE.jar;C:\Users\91892\.m2\repository\com\jayway\jsonpath\json-path\2.4.0\json-path-2.4.0.jar;C:\Users\91892\.m2\repository\net\minidev\json-smart\2.3\json-smart-2.3.jar;C:\Users\91892\.m2\repository\net\minidev\accessors-smart\1.2\accessors-smart-1.2.jar;C:\Users\91892\.m2\repository\org\ow2\asm\asm\5.0.4\asm-5.0.4.jar;C:\Users\91892\.m2\repository\jakarta\xml\bind\jakarta.xml.bind-api\2.3.3\jakarta.xml.bind-api-2.3.3.jar;C:\Users\91892\.m2\repository\jakarta\activation\jakarta.activation-api\1.2.2\jakarta.activation-api-1.2.2.jar;C:\Users\91892\.m2\repository\org\assertj\assertj-core\3.16.1\assertj-core-3.16.1.jar;C:\Users\91892\.m2\repository\org\hamcrest\hamcrest\2.2\hamcrest-2.2.jar;C:\Users\91892\.m2\repository\org\junit\jupiter\junit-jupiter\5.6.2\junit-jupiter-5.6.2.jar;C:\Users\91892\.m2\repository\org\junit\jupiter\junit-jupiter-api\5.6.2\junit-jupiter-api-5.6.2.jar;C:\Users\91892\.m2\repository\org\opentest4j\opentest4j\1.2.0\opentest4j-1.2.0.jar;C:\Users\91892\.m2\repository\org\junit\platform\junit-platform-commons\1.6.2\junit-platform-commons-1.6.2.jar;C:\Users\91892\.m2\repository\org\junit\jupiter\junit-jupiter-params\5.6.2\junit-jupiter-params-5.6.2.jar;C:\Users\91892\.m2\repository\org\junit\jupiter\junit-jupiter-engine\5.6.2\junit-jupiter-engine-5.6.2.jar;C:\Users\91892\.m2\repository\org\junit\vintage\junit-vintage-engine\5.6.2\junit-vintage-engine-5.6.2.jar;C:\Users\91892\.m2\repository\org\apiguardian\apiguardian-api\1.1.0\apiguardian-api-1.1.0.jar;C:\Users\91892\.m2\repository\org\junit\platform\junit-platform-engine\1.6.2\junit-platform-engine-1.6.2.jar;C:\Users\91892\.m2\repository\org\mockito\mockito-core\3.3.3\mockito-core-3.3.3.jar;C:\Users\91892\.m2\repository\net\bytebuddy\byte-buddy\1.10.11\byte-buddy-1.10.11.jar;C:\Users\91892\.m2\repository\net\bytebuddy\byte-buddy-agent\1.10.11\byte-buddy-agent-1.10.11.jar;C:\Users\91892\.m2\repository\org\objenesis\objenesis\2.6\objenesis-2.6.jar;C:\Users\91892\.m2\repository\org\mockito\mockito-junit-jupiter\3.3.3\mockito-junit-jupiter-3.3.3.jar;C:\Users\91892\.m2\repository\org\skyscreamer\jsonassert\1.5.0\jsonassert-1.5.0.jar;C:\Users\91892\.m2\repository\com\vaadin\external\google\android-json\0.0.20131108.vaadin1\android-json-0.0.20131108.vaadin1.jar;C:\Users\91892\.m2\repository\org\springframework\spring-core\5.2.7.RELEASE\spring-core-5.2.7.RELEASE.jar;C:\Users\91892\.m2\repository\org\springframework\spring-jcl\5.2.7.RELEASE\spring-jcl-5.2.7.RELEASE.jar;C:\Users\91892\.m2\repository\org\springframework\spring-test\5.2.7.RELEASE\spring-test-5.2.7.RELEASE.jar;C:\Users\91892\.m2\repository\org\xmlunit\xmlunit-core\2.7.0\xmlunit-core-2.7.0.jar;"/>
    <property name="sun.cpu.endian" value="little"/>
    <property name="user.home" value="C:\Users\91892"/>
    <property name="user.language" value="en"/>
    <property name="java.specification.vendor" value="Oracle Corporation"/>
    <property name="java.version.date" value="2020-04-14"/>
    <property name="java.home" value="C:\software\openjdk-14.0.1_windows-x64_bin\jdk-14.0.1"/>
    <property name="file.separator" value="\"/>
    <property name="basedir" value="D:\Example\function-source"/>
    <property name="java.vm.compressedOopsMode" value="32-bit"/>
    <property name="line.separator" value="&#10;"/>
    <property name="java.vm.specification.vendor" value="Oracle Corporation"/>
    <property name="java.specification.name" value="Java Platform API Specification"/>
    <property name="surefire.real.class.path" value="C:\Users\91892\AppData\Local\Temp\surefire3679275934574371657\surefirebooter11865300518178077327.jar"/>
    <property name="user.script" value=""/>
    <property name="sun.management.compiler" value="HotSpot 64-Bit Tiered Compilers"/>
    <property name="java.runtime.version" value="14.0.1+7"/>
    <property name="user.name" value="91892"/>
    <property name="path.separator" value=";"/>
    <property name="os.version" value="10.0"/>
    <property name="java.runtime.name" value="OpenJDK Runtime Environment"/>
    <property name="file.encoding" value="Cp1252"/>
    <property name="java.vm.name" value="OpenJDK 64-Bit Server VM"/>
    <property name="localRepository" value="C:\Users\91892\.m2\repository"/>
    <property name="java.vendor.url.bug" value="https://bugreport.java.com/bugreport/"/>
    <property name="java.io.tmpdir" value="C:\Users\91892\AppData\Local\Temp\"/>
    <property name="idea.version" value="2020.2.1"/>
    <property name="java.version" value="14.0.1"/>
    <property name="user.dir" value="D:\Example\function-source"/>
    <property name="os.arch" value="amd64"/>
    <property name="java.vm.specification.name" value="Java Virtual Machine Specification"/>
    <property name="sun.os.patch.level" value=""/>
    <property name="java.library.path" value="C:\software\openjdk-14.0.1_windows-x64_bin\jdk-14.0.1\bin;C:\Windows\Sun\Java\bin;C:\Windows\system32;C:\Windows;C:\Windows\system32;C:\Windows;C:\Windows\System32\Wbem;C:\Windows\System32\WindowsPowerShell\v1.0\;C:\Windows\System32\OpenSSH\;C:\Program Files (x86)\NVIDIA Corporation\PhysX\Common;C:\Program Files\NVIDIA Corporation\NVIDIA NvDLISR;C:\Program Files\nodejs\;C:\Users\91892\AppData\Local\Microsoft\WindowsApps;C:\software\openjdk-14.0.1_windows-x64_bin\jdk-14.0.1\bin;C:\software\apache-maven-3.6.3-bin\apache-maven-3.6.3\bin;C:\Program Files\JetBrains\IntelliJ IDEA Community Edition 2020.2\bin;;C:\software\google-cloud-sdk-306.0.0-windows-x86_64-bundled-python\google-cloud-sdk\bin;C:\Users\91892\AppData\Local\Programs\Microsoft VS Code\bin;C:\Users\91892\AppData\Roaming\npm;C:\software\Applications\terraform_0.13.1_windows_386;;."/>
    <property name="java.vm.info" value="mixed mode, sharing"/>
    <property name="java.vendor" value="Oracle Corporation"/>
    <property name="java.vm.version" value="14.0.1+7"/>
    <property name="sun.io.unicode.encoding" value="UnicodeLittle"/>
    <property name="java.class.version" value="58.0"/>
  </properties>
  <testcase name="testAccept" classname="com.example.ExampleTest" time="0.001"/>
</testsuite>